<?xml version="1.0" encoding="UTF-8"?>
<!-- Generated by org.testng.reporters.JUnitReportReporter -->
<testsuite skipped="0" hostname="DESKTOP-VVL9I9Q" name="conceptTestNG.CrmTestNG" tests="2" failures="0" timestamp="2020-12-14T20:30:38 CST" time="18.780" errors="0">
  <testcase name="loginTest3" time="10.780" classname="conceptTestNG.CrmTestNG"/>
  <system-out/>
  <testcase name="loginTest1" time="8.000" classname="conceptTestNG.CrmTestNG"/>
  <system-out/>
</testsuite> <!-- conceptTestNG.CrmTestNG -->
