<?xml version="1.0" encoding="UTF-8"?>
<!-- Generated by org.testng.reporters.JUnitReportReporter -->
<testsuite skipped="0" hostname="DESKTOP-VVL9I9Q" name="conceptTestNG.AddContact" tests="1" failures="0" timestamp="2020-11-07T10:13:36 CST" time="15.740" errors="0">
  <testcase name="addcustomerTest" time="15.740" classname="conceptTestNG.AddContact"/>
  <system-out/>
</testsuite> <!-- conceptTestNG.AddContact -->
